<?xml version="1.0" encoding="UTF-8"?>
<testsuite xmlns:xsi="http://www.w3.org/2001/XMLSchema-instance" xsi:noNamespaceSchemaLocation="https://maven.apache.org/surefire/maven-surefire-plugin/xsd/surefire-test-report.xsd" name="no.nav.foreldrepenger.boot.conditionals.TestClusterConditionals" time="0.909" tests="4" errors="0" skipped="0" failures="0">
  <properties>
[...]
</properties>
  <testcase name="dev" classname="no.nav.foreldrepenger.boot.conditionals.TestClusterConditionals" time="0.525"/>
  <testcase name="fss" classname="no.nav.foreldrepenger.boot.conditionals.TestClusterConditionals" time="0.03"/>
  <testcase name="fsst4" classname="no.nav.foreldrepenger.boot.conditionals.TestClusterConditionals" time="0.025"/>
  <testcase name="local" classname="no.nav.foreldrepenger.boot.conditionals.TestClusterConditionals" time="0.018"/>
</testsuite>